<?xml version="1.0" encoding="UTF-8"?>
<testsuite xmlns:xsi="http://www.w3.org/2001/XMLSchema-instance" xsi:noNamespaceSchemaLocation="https://maven.apache.org/surefire/maven-surefire-plugin/xsd/surefire-test-report-3.0.xsd" version="3.0" name="com.automation.runner.TestRunner" time="7.835" tests="4" errors="0" skipped="0" failures="0">
  <properties>
[...]
</properties>
  <testcase name="Verify user can create a resource" classname="Validate create resource" time="3.577">
    <system-out><![CDATA[Request method:	POST
Request URI:	https://jsonplaceholder.typicode.com/posts
Proxy:			<none>
Request params:	<none>
Query params:	<none>
Form params:	<none>
Path params:	<none>
Headers:		Accept=*/*
				Content-Type=application/json
Cookies:		<none>
Multiparts:		<none>
Body:
{
    "title": "foo",
    "body": "bar",
    "userId": 1
}
HTTP/1.1 201 Created
Date: Mon, 05 Aug 2024 09:07:42 GMT
Content-Type: application/json; charset=utf-8
Content-Length: 65
Connection: keep-alive
Report-To: {"group":"heroku-nel","max_age":3600,"endpoints":[{"url":"https://nel.heroku.com/reports?ts=1722848861&sid=e11707d5-02a7-43ef-b45e-2cf4d2036f7d&s=FZtxorP7i8dm3nmIe9F%2FADic%2Big1viY%2BCY9LGO12EzE%3D"}]}
Reporting-Endpoints: heroku-nel=https://nel.heroku.com/reports?ts=1722848861&sid=e11707d5-02a7-43ef-b45e-2cf4d2036f7d&s=FZtxorP7i8dm3nmIe9F%2FADic%2Big1viY%2BCY9LGO12EzE%3D
Nel: {"report_to":"heroku-nel","max_age":3600,"success_fraction":0.005,"failure_fraction":0.05,"response_headers":["Via"]}
X-Powered-By: Express
X-Ratelimit-Limit: 1000
X-Ratelimit-Remaining: 998
X-Ratelimit-Reset: 1722848891
Vary: Origin, X-HTTP-Method-Override, Accept-Encoding
Access-Control-Allow-Credentials: true
Cache-Control: no-cache
Pragma: no-cache
Expires: -1
Access-Control-Expose-Headers: Location
Location: https://jsonplaceholder.typicode.com/posts/101
X-Content-Type-Options: nosniff
Etag: W/"41-GDNaWfnVU6RZhpLbye0veBaqcHA"
Via: 1.1 vegur
CF-Cache-Status: DYNAMIC
Server: cloudflare
CF-RAY: 8ae5a36b0b6a3748-MXP
alt-svc: h3=":443"; ma=86400

{
    "title": "foo",
    "body": "bar",
    "userId": 1,
    "id": 101
}
Request method:	GET
Request URI:	https://jsonplaceholder.typicode.com/posts/101
Proxy:			<none>
Request params:	<none>
Query params:	<none>
Form params:	<none>
Path params:	<none>
Headers:		Accept=*/*
				Content-Type=application/json
Cookies:		<none>
Multiparts:		<none>
Body:
{
    "title": "foo",
    "body": "bar",
    "userId": 1
}
HTTP/1.1 404 Not Found
Date: Mon, 05 Aug 2024 09:07:43 GMT
Content-Type: application/json; charset=utf-8
Content-Length: 2
Connection: keep-alive
Report-To: {"group":"heroku-nel","max_age":3600,"endpoints":[{"url":"https://nel.heroku.com/reports?ts=1722838168&sid=e11707d5-02a7-43ef-b45e-2cf4d2036f7d&s=4D1mW3%2FUkYJo%2Bz%2FGQjf5GnNWKa9OCXBaKuyzn2ZIlko%3D"}]}
Reporting-Endpoints: heroku-nel=https://nel.heroku.com/reports?ts=1722838168&sid=e11707d5-02a7-43ef-b45e-2cf4d2036f7d&s=4D1mW3%2FUkYJo%2Bz%2FGQjf5GnNWKa9OCXBaKuyzn2ZIlko%3D
Nel: {"report_to":"heroku-nel","max_age":3600,"success_fraction":0.005,"failure_fraction":0.05,"response_headers":["Via"]}
X-Powered-By: Express
X-Ratelimit-Limit: 1000
X-Ratelimit-Remaining: 999
X-Ratelimit-Reset: 1722838211
Vary: Origin, Accept-Encoding
Access-Control-Allow-Credentials: true
Cache-Control: max-age=43200
Pragma: no-cache
Expires: -1
X-Content-Type-Options: nosniff
Etag: W/"2-vyGp6PvFo4RvsFtPoIWeCReyIC8"
Via: 1.1 vegur
CF-Cache-Status: HIT
Age: 10695
Server: cloudflare
CF-RAY: 8ae5a372ea540e15-MXP
alt-svc: h3=":443"; ma=86400

{
    
}
]]></system-out>
  </testcase>
  <testcase name="Verify user can get resource" classname="Validate delete resource" time="1.139">
    <system-out><![CDATA[Request method:	DELETE
Request URI:	https://jsonplaceholder.typicode.com/posts/1
Proxy:			<none>
Request params:	<none>
Query params:	<none>
Form params:	<none>
Path params:	<none>
Headers:		Accept=*/*
				Content-Type=application/json
Cookies:		<none>
Multiparts:		<none>
Body:
{
    "title": "foo",
    "body": "bar",
    "userId": 1
}
HTTP/1.1 200 OK
Date: Mon, 05 Aug 2024 09:07:44 GMT
Content-Type: application/json; charset=utf-8
Content-Length: 2
Connection: keep-alive
Report-To: {"group":"heroku-nel","max_age":3600,"endpoints":[{"url":"https://nel.heroku.com/reports?ts=1722848864&sid=e11707d5-02a7-43ef-b45e-2cf4d2036f7d&s=gTWGQvCk6KCYzalFb4a2BWsKp%2Bv5AsmgiEMS4wv3fEM%3D"}]}
Reporting-Endpoints: heroku-nel=https://nel.heroku.com/reports?ts=1722848864&sid=e11707d5-02a7-43ef-b45e-2cf4d2036f7d&s=gTWGQvCk6KCYzalFb4a2BWsKp%2Bv5AsmgiEMS4wv3fEM%3D
Nel: {"report_to":"heroku-nel","max_age":3600,"success_fraction":0.005,"failure_fraction":0.05,"response_headers":["Via"]}
X-Powered-By: Express
X-Ratelimit-Limit: 1000
X-Ratelimit-Remaining: 997
X-Ratelimit-Reset: 1722848891
Vary: Origin, Accept-Encoding
Access-Control-Allow-Credentials: true
Cache-Control: no-cache
Pragma: no-cache
Expires: -1
X-Content-Type-Options: nosniff
Etag: W/"2-vyGp6PvFo4RvsFtPoIWeCReyIC8"
Via: 1.1 vegur
CF-Cache-Status: DYNAMIC
Server: cloudflare
CF-RAY: 8ae5a3787dae99c6-CDG
alt-svc: h3=":443"; ma=86400

{
    
}
]]></system-out>
  </testcase>
  <testcase name="Verify user can get resource" classname="Validate get resource" time="1.031">
    <system-out><![CDATA[Request method:	GET
Request URI:	https://jsonplaceholder.typicode.com/posts/1
Proxy:			<none>
Request params:	<none>
Query params:	<none>
Form params:	<none>
Path params:	<none>
Headers:		Accept=*/*
				Content-Type=application/json
Cookies:		<none>
Multiparts:		<none>
Body:
{
    "title": "foo",
    "body": "bar",
    "userId": 1
}
HTTP/1.1 200 OK
Date: Mon, 05 Aug 2024 09:07:45 GMT
Content-Type: application/json; charset=utf-8
Transfer-Encoding: chunked
Connection: keep-alive
Report-To: {"group":"heroku-nel","max_age":3600,"endpoints":[{"url":"https://nel.heroku.com/reports?ts=1710182097&sid=e11707d5-02a7-43ef-b45e-2cf4d2036f7d&s=fKdm2T1w7s0rUdsgIrKaxbRXRbknGQ7IQ6jA1AWeziU%3D"}]}
Reporting-Endpoints: heroku-nel=https://nel.heroku.com/reports?ts=1710182097&sid=e11707d5-02a7-43ef-b45e-2cf4d2036f7d&s=fKdm2T1w7s0rUdsgIrKaxbRXRbknGQ7IQ6jA1AWeziU%3D
Nel: {"report_to":"heroku-nel","max_age":3600,"success_fraction":0.005,"failure_fraction":0.05,"response_headers":["Via"]}
X-Powered-By: Express
X-Ratelimit-Limit: 1000
X-Ratelimit-Remaining: 999
X-Ratelimit-Reset: 1710182100
Vary: Origin, Accept-Encoding
Access-Control-Allow-Credentials: true
Cache-Control: max-age=43200
Pragma: no-cache
Expires: -1
X-Content-Type-Options: nosniff
Etag: W/"124-yiKdLzqO5gfBrJFrcdJ8Yq0LGnU"
Via: 1.1 vegur
CF-Cache-Status: HIT
Age: 19211
Server: cloudflare
CF-RAY: 8ae5a37fab05040d-CDG
Content-Encoding: gzip
alt-svc: h3=":443"; ma=86400

{
    "userId": 1,
    "id": 1,
    "title": "sunt aut facere repellat provident occaecati excepturi optio reprehenderit",
    "body": "quia et suscipit\nsuscipit recusandae consequuntur expedita et cum\nreprehenderit molestiae ut ut quas totam\nnostrum rerum est autem sunt rem eveniet architecto"
}
]]></system-out>
  </testcase>
  <testcase name="Verify user can create a resource" classname="Validate update resource" time="1.277">
    <system-out><![CDATA[Request method:	PUT
Request URI:	https://jsonplaceholder.typicode.com/posts/1
Proxy:			<none>
Request params:	<none>
Query params:	<none>
Form params:	<none>
Path params:	<none>
Headers:		Accept=*/*
				Content-Type=application/json
Cookies:		<none>
Multiparts:		<none>
Body:
{
    "title": "food",
    "body": "null",
    "userId": 10
}
HTTP/1.1 200 OK
Date: Mon, 05 Aug 2024 09:07:46 GMT
Content-Type: application/json; charset=utf-8
Transfer-Encoding: chunked
Connection: keep-alive
Report-To: {"group":"heroku-nel","max_age":3600,"endpoints":[{"url":"https://nel.heroku.com/reports?ts=1722848866&sid=e11707d5-02a7-43ef-b45e-2cf4d2036f7d&s=N6JJgmI9nqO0qtt1M3Kw%2ByMkxCY1KCiSLg6xkK5Onsw%3D"}]}
Reporting-Endpoints: heroku-nel=https://nel.heroku.com/reports?ts=1722848866&sid=e11707d5-02a7-43ef-b45e-2cf4d2036f7d&s=N6JJgmI9nqO0qtt1M3Kw%2ByMkxCY1KCiSLg6xkK5Onsw%3D
Nel: {"report_to":"heroku-nel","max_age":3600,"success_fraction":0.005,"failure_fraction":0.05,"response_headers":["Via"]}
X-Powered-By: Express
X-Ratelimit-Limit: 1000
X-Ratelimit-Remaining: 996
X-Ratelimit-Reset: 1722848891
Vary: Origin, Accept-Encoding
Access-Control-Allow-Credentials: true
Cache-Control: no-cache
Pragma: no-cache
Expires: -1
X-Content-Type-Options: nosniff
Etag: W/"42-Ymw4CRz0xKUWzxcvKUm8vLGjTyk"
Via: 1.1 vegur
CF-Cache-Status: DYNAMIC
Server: cloudflare
CF-RAY: 8ae5a38649370483-CDG
Content-Encoding: gzip
alt-svc: h3=":443"; ma=86400

{
    "title": "food",
    "body": "null",
    "userId": 10,
    "id": 1
}
]]></system-out>
  </testcase>
</testsuite>